Using pre-set license

 COMMAND LINE ARGUMENTS:
/Applications/Unity/Hub/Editor/2020.3.15f2/Unity.app/Contents/MacOS/Unity
-adb2
-batchMode
-noUpm
-name
AssetImportWorker0
-projectPath
/Users/applec/Desktop/Unity
-logFile
Logs/AssetImportWorker0.log
-srvPort
51846
Successfully changed project path to: /Users/applec/Desktop/Unity
/Users/applec/Desktop/Unity
Using Asset Import Pipeline V2.
Refreshing native plugins compatible for Editor in 182.96 ms, found 2 plugins.
Preloading 0 native plugins for Editor in 0.00 ms.
Initialize engine version: 2020.3.15f2 (6cf78cb77498)
[Subsystems] Discovering subsystems at path /Applications/Unity/Hub/Editor/2020.3.15f2/Unity.app/Contents/Resources/UnitySubsystems
[Subsystems] Discovering subsystems at path /Users/applec/Desktop/Unity/Assets
GfxDevice: creating device client; threaded=0
2021-08-20 00:15:08.928 Unity[8046:414998] Color LCD preferred device: Intel(R) Iris(TM) Graphics 6000 (low power)
2021-08-20 00:15:08.928 Unity[8046:414998] Metal devices available: 1
2021-08-20 00:15:08.928 Unity[8046:414998] 0: Intel(R) Iris(TM) Graphics 6000 (low power)
2021-08-20 00:15:08.928 Unity[8046:414998] Using device Intel(R) Iris(TM) Graphics 6000 (low power)
Initializing Metal device caps: Intel(R) Iris(TM) Graphics 6000
Initialize mono
Mono path[0] = '/Applications/Unity/Hub/Editor/2020.3.15f2/Unity.app/Contents/Managed'
Mono path[1] = '/Applications/Unity/Hub/Editor/2020.3.15f2/Unity.app/Contents/MonoBleedingEdge/lib/mono/unityjit'
Mono config path = '/Applications/Unity/Hub/Editor/2020.3.15f2/Unity.app/Contents/MonoBleedingEdge/etc'
Using monoOptions --debugger-agent=transport=dt_socket,embedding=1,server=y,suspend=n,address=127.0.0.1:56046
Begin MonoManager ReloadAssembly
Registering precompiled unity dll's ...
Register platform support module: /Applications/Unity/Hub/Editor/2020.3.15f2/Unity.app/Contents/PlaybackEngines/MacStandaloneSupport/UnityEditor.OSXStandalone.Extensions.dll
Register platform support module: /Applications/Unity/Hub/Editor/2020.3.15f2/PlaybackEngines/WindowsStandaloneSupport/UnityEditor.WindowsStandalone.Extensions.dll
Registered in 0.006181 seconds.
Native extension for WindowsStandalone target not found
Native extension for OSXStandalone target not found
Refreshing native plugins compatible for Editor in 43.68 ms, found 2 plugins.
Preloading 0 native plugins for Editor in 0.00 ms.
Mono: successfully reloaded assembly
- Completed reload, in 15.477 seconds
Domain Reload Profiling:
	ReloadAssembly (15477ms)
		BeginReloadAssembly (133ms)
			ExecutionOrderSort (0ms)
			DisableScriptedObjects (0ms)
			BackupInstance (0ms)
			ReleaseScriptingObjects (0ms)
			CreateAndSetChildDomain (2ms)
		EndReloadAssembly (791ms)
			LoadAssemblies (140ms)
			RebuildTransferFunctionScriptingTraits (0ms)
			SetupTypeCache (316ms)
			ReleaseScriptCaches (0ms)
			RebuildScriptCaches (67ms)
			SetupLoadedEditorAssemblies (307ms)
				LogAssemblyErrors (0ms)
				InitializePlatformSupportModulesInManaged (7ms)
				SetLoadedEditorAssemblies (0ms)
				RefreshPlugins (44ms)
				BeforeProcessingInitializeOnLoad (11ms)
				ProcessInitializeOnLoadAttributes (190ms)
				ProcessInitializeOnLoadMethodAttributes (55ms)
				AfterProcessingInitializeOnLoad (0ms)
				EditorAssembliesLoaded (0ms)
			ExecutionOrderSort2 (0ms)
			AwakeInstancesAfterBackupRestoration (0ms)
Platform modules already initialized, skipping
Registering precompiled user dll's ...
Registered in 0.019131 seconds.
Begin MonoManager ReloadAssembly
Native extension for WindowsStandalone target not found
Native extension for OSXStandalone target not found
Refreshing native plugins compatible for Editor in 0.54 ms, found 2 plugins.
Preloading 0 native plugins for Editor in 0.00 ms.
Mono: successfully reloaded assembly
- Completed reload, in  2.030 seconds
Domain Reload Profiling:
	ReloadAssembly (2033ms)
		BeginReloadAssembly (262ms)
			ExecutionOrderSort (0ms)
			DisableScriptedObjects (8ms)
			BackupInstance (0ms)
			ReleaseScriptingObjects (0ms)
			CreateAndSetChildDomain (53ms)
		EndReloadAssembly (1660ms)
			LoadAssemblies (170ms)
			RebuildTransferFunctionScriptingTraits (0ms)
			SetupTypeCache (566ms)
			ReleaseScriptCaches (1ms)
			RebuildScriptCaches (83ms)
			SetupLoadedEditorAssemblies (649ms)
				LogAssemblyErrors (0ms)
				InitializePlatformSupportModulesInManaged (9ms)
				SetLoadedEditorAssemblies (1ms)
				RefreshPlugins (1ms)
				BeforeProcessingInitializeOnLoad (77ms)
				ProcessInitializeOnLoadAttributes (552ms)
				ProcessInitializeOnLoadMethodAttributes (8ms)
				AfterProcessingInitializeOnLoad (2ms)
				EditorAssembliesLoaded (0ms)
			ExecutionOrderSort2 (0ms)
			AwakeInstancesAfterBackupRestoration (11ms)
Platform modules already initialized, skipping
========================================================================
Worker process is ready to serve import requests
Launching external process: /Applications/Unity/Hub/Editor/2020.3.15f2/Unity.app/Contents/Tools/UnityShaderCompiler
Launched and connected shader compiler UnityShaderCompiler after 0.03 seconds
Refreshing native plugins compatible for Editor in 0.60 ms, found 2 plugins.
Preloading 0 native plugins for Editor in 0.00 ms.
Unloading 1396 Unused Serialized files (Serialized files now loaded: 0)
System memory in use before: 141.2 MB.
System memory in use after: 141.3 MB.

Unloading 19 unused Assets to reduce memory usage. Loaded Objects now: 1831.
Total: 3.065260 ms (FindLiveObjects: 0.207005 ms CreateObjectMapping: 0.052475 ms MarkObjects: 2.686922 ms  DeleteObjects: 0.117565 ms)

AssetImportParameters requested are different than current active one (requested -> active):
  custom:video-decoder-ogg-theora: a1e56fd34408186e4bbccfd4996cb3dc -> 
  custom:container-muxer-webm: aa71ff27fc2769a1b78a27578f13a17b -> 
  custom:container-demuxer-webm: 4f35f7cbe854078d1ac9338744f61a02 -> 
  custom:container-demuxer-ogg: 62fdf1f143b41e24485cea50d1cbac27 -> 
  custom:video-encoder-webm-vp8: eb34c28f22e8b96e1ab97ce403110664 -> 
  custom:framework-osx-AVFoundation: e770b220cccbd017edd2c1fefb359320 -> 
  custom:video-decoder-webm-vp8: 9c59270c3fd7afecdb556c50c9e8de78 -> 
  custom:audio-decoder-ogg-vorbis: bf7c407c2cedff20999df2af8eb42d56 -> 
  custom:audio-encoder-webm-vorbis: bf7c407c2cedff20999df2af8eb42d56 -> 
========================================================================
Received Import Request.
  path: Assets/Assets/CartoonLowPolyCityLite/Scenes/CartoonLowPolyCityLite_01 1.unity
  artifactKey: Guid(e1cf8280f00674152b263375d3e54f36) Importer(815301076,1909f56bfc062723c751e8b465ee728b)
Start importing Assets/Assets/CartoonLowPolyCityLite/Scenes/CartoonLowPolyCityLite_01 1.unity using Guid(e1cf8280f00674152b263375d3e54f36) Importer(815301076,1909f56bfc062723c751e8b465ee728b)  -> (artifact id: 'dbe22b53749cf8cccfa34ba91fb761ed') in 0.019309 seconds 
  Import took 0.024991 seconds .

========================================================================
Received Import Request.
  Time since last request: 4.306779 seconds.
  path: Assets/Assets/CartoonLowPolyCityLite/Scenes/NightScene.unity
  artifactKey: Guid(e1cf8280f00674152b263375d3e54f36) Importer(815301076,1909f56bfc062723c751e8b465ee728b)
Start importing Assets/Assets/CartoonLowPolyCityLite/Scenes/NightScene.unity using Guid(e1cf8280f00674152b263375d3e54f36) Importer(815301076,1909f56bfc062723c751e8b465ee728b)  -> (artifact id: '25472ac1b8bdd838eb07a6cfae2c38b0') in 0.002699 seconds 
  Import took 0.014156 seconds .

========================================================================
Received Import Request.
  Time since last request: 17.332655 seconds.
  path: Assets/Assets/CartoonLowPolyCityLite/Scenes/DayScene.unity
  artifactKey: Guid(e1cf8280f00674152b263375d3e54f36) Importer(815301076,1909f56bfc062723c751e8b465ee728b)
Start importing Assets/Assets/CartoonLowPolyCityLite/Scenes/DayScene.unity using Guid(e1cf8280f00674152b263375d3e54f36) Importer(815301076,1909f56bfc062723c751e8b465ee728b)  -> (artifact id: '9247da3ae0bca34a0b0673e782c1288a') in 0.003404 seconds 
  Import took 0.010096 seconds .

========================================================================
Received Import Request.
  Time since last request: 34.290427 seconds.
  path: Assets/Assets/CartoonLowPolyCityLite/Scenes/NightScene.unity
  artifactKey: Guid(1c9c83f564538dd49ac0614cb5d27d32) Importer(815301076,1909f56bfc062723c751e8b465ee728b)
Start importing Assets/Assets/CartoonLowPolyCityLite/Scenes/NightScene.unity using Guid(1c9c83f564538dd49ac0614cb5d27d32) Importer(815301076,1909f56bfc062723c751e8b465ee728b)  -> (artifact id: '427589bd9caba5e05924faccb7fc172a') in 0.002906 seconds 
  Import took 0.009231 seconds .

========================================================================
Received Import Request.
  Time since last request: 557.844760 seconds.
  path: Assets/Assets/CartoonLowPolyCityLite/Scenes/NightScene
  artifactKey: Guid(b503000e338034173b866376393f3b8e) Importer(815301076,1909f56bfc062723c751e8b465ee728b)
Start importing Assets/Assets/CartoonLowPolyCityLite/Scenes/NightScene using Guid(b503000e338034173b866376393f3b8e) Importer(815301076,1909f56bfc062723c751e8b465ee728b)  -> (artifact id: '05b3dd28e5e3764af4acfc55612ac754') in 0.008915 seconds 
  Import took 0.041289 seconds .

========================================================================
Received Import Request.
  Time since last request: 2221.610683 seconds.
  path: Assets/Assets/CartoonLowPolyCityLite/Scenes/NightScene/Roomlight.mat
  artifactKey: Guid(58f5f2aa324354ac99c86bc686cf9460) Importer(815301076,1909f56bfc062723c751e8b465ee728b)
Start importing Assets/Assets/CartoonLowPolyCityLite/Scenes/NightScene/Roomlight.mat using Guid(58f5f2aa324354ac99c86bc686cf9460) Importer(815301076,1909f56bfc062723c751e8b465ee728b)  -> (artifact id: '7d60da3f95a913a552571cbb179a68f9') in 2.478209 seconds 
  Import took 2.505846 seconds .

========================================================================
Received Import Request.
  Time since last request: 5457.188066 seconds.
  path: Assets/Assets/CartoonLowPolyCityLite/Models/BG.fbx
  artifactKey: Guid(42c88fdbf5da8284b9f807363e99224c) Importer(815301076,1909f56bfc062723c751e8b465ee728b)
Start importing Assets/Assets/CartoonLowPolyCityLite/Models/BG.fbx using Guid(42c88fdbf5da8284b9f807363e99224c) Importer(815301076,1909f56bfc062723c751e8b465ee728b)  -> (artifact id: '4725852bb9a53f5bd89c67b20762e404') in 1.349048 seconds 
  Import took 1.384589 seconds .

========================================================================
Received Import Request.
  Time since last request: 0.000449 seconds.
  path: Assets/Assets/CartoonLowPolyCityLite/Models/Car_03.fbx
  artifactKey: Guid(ec22f6907b621d244b0c3a0bc8e7448e) Importer(815301076,1909f56bfc062723c751e8b465ee728b)
Start importing Assets/Assets/CartoonLowPolyCityLite/Models/Car_03.fbx using Guid(ec22f6907b621d244b0c3a0bc8e7448e) Importer(815301076,1909f56bfc062723c751e8b465ee728b)  -> (artifact id: 'c70cad93ce3cbe1c14666528c74162f2') in 0.046152 seconds 
  Import took 0.052565 seconds .

========================================================================
Received Import Request.
  Time since last request: 456.334126 seconds.
  path: Assets/Assets/CartoonLowPolyCityLite/Scenes/NightScene/Roomlight.mat
  artifactKey: Guid(58f5f2aa324354ac99c86bc686cf9460) Importer(815301076,1909f56bfc062723c751e8b465ee728b)
Start importing Assets/Assets/CartoonLowPolyCityLite/Scenes/NightScene/Roomlight.mat using Guid(58f5f2aa324354ac99c86bc686cf9460) Importer(815301076,1909f56bfc062723c751e8b465ee728b)  -> (artifact id: '11cd9b421bee09a61c1334210e942b24') in 0.086925 seconds 
  Import took 0.118257 seconds .

